Started by user [8mha:////4B8YUMsoQ4aeziQzCwE1uGS67rJZ4dnwwP4he6iIQnavAAAAlx+LCAAAAAAAAP9b85aBtbiIQTGjNKU4P08vOT+vOD8nVc83PyU1x6OyILUoJzMv2y+/JJUBAhiZGBgqihhk0NSjKDWzXb3RdlLBUSYGJk8GtpzUvPSSDB8G5tKinBIGIZ+sxLJE/ZzEvHT94JKizLx0a6BxUmjGOUNodHsLgAz2EgZu/dLi1CL9xJTczDwAHhAahcAAAAA=[0mGoutham
Running as SYSTEM
Building remotely on [8mha:////4IoyxTOi8U971lPx3fr1l8OMRagZk0pRu40XgNDm1W93AAAAnR+LCAAAAAAAAP9b85aBtbiIQTGjNKU4P08vOT+vOD8nVc83PyU1x6OyILUoJzMv2y+/JJUBAhiZGBgqihhk0NSjKDWzXb3RdlLBUSYGJk8GtpzUvPSSDB8G5tKinBIGIZ+sxLJE/ZzEvHT94JKizLx0a6BxUmjGOUNodHsLgAwOoBn6yfm5BaUlqUX6xTmJZam6BoYA4R06JscAAAA=[0mslave-01 in workspace /home/ubuntu/workspace/java_project2
No credentials specified
Cloning the remote Git repository
Cloning repository https://github.com/gouthamanni/latest_java.git
 > git init /home/ubuntu/workspace/java_project2 # timeout=10
Fetching upstream changes from https://github.com/gouthamanni/latest_java.git
 > git --version # timeout=10
 > git fetch --tags --progress -- https://github.com/gouthamanni/latest_java.git +refs/heads/*:refs/remotes/origin/* # timeout=10
 > git config remote.origin.url https://github.com/gouthamanni/latest_java.git # timeout=10
 > git config --add remote.origin.fetch +refs/heads/*:refs/remotes/origin/* # timeout=10
 > git config remote.origin.url https://github.com/gouthamanni/latest_java.git # timeout=10
Fetching upstream changes from https://github.com/gouthamanni/latest_java.git
 > git fetch --tags --progress -- https://github.com/gouthamanni/latest_java.git +refs/heads/*:refs/remotes/origin/* # timeout=10
 > git rev-parse refs/remotes/origin/master^{commit} # timeout=10
 > git rev-parse refs/remotes/origin/origin/master^{commit} # timeout=10
Checking out Revision 3e448f44167ffe66539a4edca88db29028457d88 (refs/remotes/origin/master)
 > git config core.sparsecheckout # timeout=10
 > git checkout -f 3e448f44167ffe66539a4edca88db29028457d88 # timeout=10
Commit message: "Update pom.xml"
 > git rev-list --no-walk 3e448f44167ffe66539a4edca88db29028457d88 # timeout=10
[java_project2] $ mvn clean install
WARNING: An illegal reflective access operation has occurred
WARNING: Illegal reflective access by com.google.inject.internal.cglib.core.$ReflectUtils$1 (file:/usr/share/maven/lib/guice.jar) to method java.lang.ClassLoader.defineClass(java.lang.String,byte[],int,int,java.security.ProtectionDomain)
WARNING: Please consider reporting this to the maintainers of com.google.inject.internal.cglib.core.$ReflectUtils$1
WARNING: Use --illegal-access=warn to enable warnings of further illegal reflective access operations
WARNING: All illegal access operations will be denied in a future release
[[1;34mINFO[m] Scanning for projects...
[[1;34mINFO[m] 
[[1;34mINFO[m] [1m-----------------------< [0;36mcom.mcnz.rps:roshambo[0;1m >------------------------[m
[[1;34mINFO[m] [1mBuilding roshambo 1.0-SNAPSHOT[m
[[1;34mINFO[m] [1m--------------------------------[ jar ]---------------------------------[m
Downloading from central: https://repo.maven.apache.org/maven2/org/apache/maven/plugins/maven-compiler-plugin/2.3.2/maven-compiler-plugin-2.3.2.pom
Progress (1): 2.2/7.3 kBProgress (1): 5.0/7.3 kBProgress (1): 7.3 kB                        Downloaded from central: https://repo.maven.apache.org/maven2/org/apache/maven/plugins/maven-compiler-plugin/2.3.2/maven-compiler-plugin-2.3.2.pom (7.3 kB at 12 kB/s)
Downloading from central: https://repo.maven.apache.org/maven2/org/apache/maven/plugins/maven-plugins/18/maven-plugins-18.pom
Progress (1): 2.2/13 kBProgress (1): 5.0/13 kBProgress (1): 7.8/13 kBProgress (1): 11/13 kB Progress (1): 13 kB                      Downloaded from central: https://repo.maven.apache.org/maven2/org/apache/maven/plugins/maven-plugins/18/maven-plugins-18.pom (13 kB at 289 kB/s)
Downloading from central: https://repo.maven.apache.org/maven2/org/apache/maven/maven-parent/16/maven-parent-16.pom
Progress (1): 2.2/23 kBProgress (1): 5.0/23 kBProgress (1): 7.8/23 kBProgress (1): 11/23 kB Progress (1): 13/23 kBProgress (1): 16/23 kBProgress (1): 19/23 kBProgress (1): 21/23 kBProgress (1): 23 kB                      Downloaded from central: https://repo.maven.apache.org/maven2/org/apache/maven/maven-parent/16/maven-parent-16.pom (23 kB at 456 kB/s)
Downloading from central: https://repo.maven.apache.org/maven2/org/apache/apache/7/apache-7.pom
Progress (1): 2.2/14 kBProgress (1): 5.0/14 kBProgress (1): 7.8/14 kBProgress (1): 11/14 kB Progress (1): 13/14 kBProgress (1): 14 kB                      Downloaded from central: https://repo.maven.apache.org/maven2/org/apache/apache/7/apache-7.pom (14 kB at 289 kB/s)
Downloading from central: https://repo.maven.apache.org/maven2/org/apache/maven/plugins/maven-compiler-plugin/2.3.2/maven-compiler-plugin-2.3.2.jar
Progress (1): 2.2/29 kBProgress (1): 5.0/29 kBProgress (1): 7.7/29 kBProgress (1): 10/29 kB Progress (1): 13/29 kBProgress (1): 16/29 kBProgress (1): 19/29 kBProgress (1): 21/29 kBProgress (1): 24/29 kBProgress (1): 27/29 kBProgress (1): 29 kB                      Downloaded from central: https://repo.maven.apache.org/maven2/org/apache/maven/plugins/maven-compiler-plugin/2.3.2/maven-compiler-plugin-2.3.2.jar (29 kB at 595 kB/s)
Downloading from central: https://repo.maven.apache.org/maven2/junit/junit/4.11/junit-4.11.pom
Progress (1): 2.2/2.3 kBProgress (1): 2.3 kB                        Downloaded from central: https://repo.maven.apache.org/maven2/junit/junit/4.11/junit-4.11.pom (2.3 kB at 69 kB/s)
Downloading from central: https://repo.maven.apache.org/maven2/junit/junit/4.11/junit-4.11.jar
Progress (1): 2.2/245 kBProgress (1): 5.0/245 kBProgress (1): 7.7/245 kBProgress (1): 10/245 kB Progress (1): 13/245 kBProgress (1): 16/245 kBProgress (1): 19/245 kBProgress (1): 21/245 kBProgress (1): 24/245 kBProgress (1): 27/245 kBProgress (1): 30/245 kBProgress (1): 32/245 kBProgress (1): 36/245 kBProgress (1): 40/245 kBProgress (1): 45/245 kBProgress (1): 49/245 kBProgress (1): 53/245 kBProgress (1): 57/245 kBProgress (1): 61/245 kBProgress (1): 65/245 kBProgress (1): 69/245 kBProgress (1): 73/245 kBProgress (1): 77/245 kBProgress (1): 81/245 kBProgress (1): 85/245 kBProgress (1): 90/245 kBProgress (1): 94/245 kBProgress (1): 98/245 kBProgress (1): 102/245 kBProgress (1): 106/245 kBProgress (1): 110/245 kBProgress (1): 114/245 kBProgress (1): 118/245 kBProgress (1): 122/245 kBProgress (1): 126/245 kBProgress (1): 131/245 kBProgress (1): 135/245 kBProgress (1): 139/245 kBProgress (1): 143/245 kBProgress (1): 147/245 kBProgress (1): 151/245 kBProgress (1): 155/245 kBProgress (1): 159/245 kBProgress (1): 163/245 kBProgress (1): 167/245 kBProgress (1): 171/245 kBProgress (1): 176/245 kBProgress (1): 180/245 kBProgress (1): 184/245 kBProgress (1): 188/245 kBProgress (1): 192/245 kBProgress (1): 196/245 kBProgress (1): 200/245 kBProgress (1): 204/245 kBProgress (1): 208/245 kBProgress (1): 212/245 kBProgress (1): 217/245 kBProgress (1): 221/245 kBProgress (1): 225/245 kBProgress (1): 229/245 kBProgress (1): 233/245 kBProgress (1): 237/245 kBProgress (1): 241/245 kBProgress (1): 245 kB                        Downloaded from central: https://repo.maven.apache.org/maven2/junit/junit/4.11/junit-4.11.jar (245 kB at 1.9 MB/s)
[[1;34mINFO[m] 
[[1;34mINFO[m] [1m--- [0;32mmaven-clean-plugin:2.5:clean[m [1m(default-clean)[m @ [36mroshambo[0;1m ---[m
[[1;34mINFO[m] 
[[1;34mINFO[m] [1m--- [0;32mmaven-resources-plugin:2.6:resources[m [1m(default-resources)[m @ [36mroshambo[0;1m ---[m
[[1;33mWARNING[m] Using platform encoding (UTF-8 actually) to copy filtered resources, i.e. build is platform dependent!
[[1;34mINFO[m] skip non existing resourceDirectory /home/ubuntu/workspace/java_project2/src/main/resources
[[1;34mINFO[m] 
[[1;34mINFO[m] [1m--- [0;32mmaven-compiler-plugin:2.3.2:compile[m [1m(default-compile)[m @ [36mroshambo[0;1m ---[m
Downloading from central: https://repo.maven.apache.org/maven2/org/codehaus/plexus/plexus-compiler-api/1.8.1/plexus-compiler-api-1.8.1.pom
Progress (1): 805 B                   Downloaded from central: https://repo.maven.apache.org/maven2/org/codehaus/plexus/plexus-compiler-api/1.8.1/plexus-compiler-api-1.8.1.pom (805 B at 26 kB/s)
Downloading from central: https://repo.maven.apache.org/maven2/org/codehaus/plexus/plexus-compiler/1.8.1/plexus-compiler-1.8.1.pom
Progress (1): 2.2/3.5 kBProgress (1): 3.5 kB                        Downloaded from central: https://repo.maven.apache.org/maven2/org/codehaus/plexus/plexus-compiler/1.8.1/plexus-compiler-1.8.1.pom (3.5 kB at 97 kB/s)
Downloading from central: https://repo.maven.apache.org/maven2/org/codehaus/plexus/plexus-compiler-manager/1.8.1/plexus-compiler-manager-1.8.1.pom
Progress (1): 713 B                   Downloaded from central: https://repo.maven.apache.org/maven2/org/codehaus/plexus/plexus-compiler-manager/1.8.1/plexus-compiler-manager-1.8.1.pom (713 B at 25 kB/s)
Downloading from central: https://repo.maven.apache.org/maven2/org/codehaus/plexus/plexus-compiler-javac/1.8.1/plexus-compiler-javac-1.8.1.pom
Progress (1): 710 B                   Downloaded from central: https://repo.maven.apache.org/maven2/org/codehaus/plexus/plexus-compiler-javac/1.8.1/plexus-compiler-javac-1.8.1.pom (710 B at 24 kB/s)
Downloading from central: https://repo.maven.apache.org/maven2/org/codehaus/plexus/plexus-compilers/1.8.1/plexus-compilers-1.8.1.pom
Progress (1): 1.3 kB                    Downloaded from central: https://repo.maven.apache.org/maven2/org/codehaus/plexus/plexus-compilers/1.8.1/plexus-compilers-1.8.1.pom (1.3 kB at 41 kB/s)
Downloading from central: https://repo.maven.apache.org/maven2/org/codehaus/plexus/plexus-compiler-api/1.8.1/plexus-compiler-api-1.8.1.jar
Downloading from central: https://repo.maven.apache.org/maven2/org/codehaus/plexus/plexus-compiler-manager/1.8.1/plexus-compiler-manager-1.8.1.jar
Downloading from central: https://repo.maven.apache.org/maven2/org/codehaus/plexus/plexus-compiler-javac/1.8.1/plexus-compiler-javac-1.8.1.jar
Progress (1): 2.2/20 kBProgress (1): 5.0/20 kBProgress (1): 7.7/20 kBProgress (1): 10/20 kB Progress (1): 13/20 kBProgress (1): 16/20 kBProgress (1): 19/20 kBProgress (1): 20 kB                      Downloaded from central: https://repo.maven.apache.org/maven2/org/codehaus/plexus/plexus-compiler-api/1.8.1/plexus-compiler-api-1.8.1.jar (20 kB at 322 kB/s)
Progress (1): 2.2/5.3 kBProgress (1): 5.0/5.3 kBProgress (1): 5.3 kB    Progress (2): 5.3 kB | 2.2/13 kBProgress (2): 5.3 kB | 5.0/13 kBProgress (2): 5.3 kB | 7.7/13 kBProgress (2): 5.3 kB | 10/13 kB Progress (2): 5.3 kB | 13 kB                               Downloaded from central: https://repo.maven.apache.org/maven2/org/codehaus/plexus/plexus-compiler-manager/1.8.1/plexus-compiler-manager-1.8.1.jar (5.3 kB at 63 kB/s)
Downloaded from central: https://repo.maven.apache.org/maven2/org/codehaus/plexus/plexus-compiler-javac/1.8.1/plexus-compiler-javac-1.8.1.jar (13 kB at 133 kB/s)
[[1;33mWARNING[m] File encoding has not been set, using platform encoding UTF-8, i.e. build is platform dependent!
[[1;34mINFO[m] Compiling 5 source files to /home/ubuntu/workspace/java_project2/target/classes
[[1;34mINFO[m] 
[[1;34mINFO[m] [1m--- [0;32mmaven-resources-plugin:2.6:testResources[m [1m(default-testResources)[m @ [36mroshambo[0;1m ---[m
[[1;33mWARNING[m] Using platform encoding (UTF-8 actually) to copy filtered resources, i.e. build is platform dependent!
[[1;34mINFO[m] skip non existing resourceDirectory /home/ubuntu/workspace/java_project2/src/test/resources
[[1;34mINFO[m] 
[[1;34mINFO[m] [1m--- [0;32mmaven-compiler-plugin:2.3.2:testCompile[m [1m(default-testCompile)[m @ [36mroshambo[0;1m ---[m
[[1;33mWARNING[m] File encoding has not been set, using platform encoding UTF-8, i.e. build is platform dependent!
[[1;34mINFO[m] Compiling 2 source files to /home/ubuntu/workspace/java_project2/target/test-classes
[[1;34mINFO[m] 
[[1;34mINFO[m] [1m--- [0;32mmaven-surefire-plugin:2.12.4:test[m [1m(default-test)[m @ [36mroshambo[0;1m ---[m
[[1;34mINFO[m] Surefire report directory: /home/ubuntu/workspace/java_project2/target/surefire-reports
Downloading from central: https://repo.maven.apache.org/maven2/org/apache/maven/surefire/surefire-junit4/2.12.4/surefire-junit4-2.12.4.pom
Progress (1): 2.2/2.4 kBProgress (1): 2.4 kB                        Downloaded from central: https://repo.maven.apache.org/maven2/org/apache/maven/surefire/surefire-junit4/2.12.4/surefire-junit4-2.12.4.pom (2.4 kB at 71 kB/s)
Downloading from central: https://repo.maven.apache.org/maven2/org/apache/maven/surefire/surefire-providers/2.12.4/surefire-providers-2.12.4.pom
Progress (1): 2.2/2.3 kBProgress (1): 2.3 kB                        Downloaded from central: https://repo.maven.apache.org/maven2/org/apache/maven/surefire/surefire-providers/2.12.4/surefire-providers-2.12.4.pom (2.3 kB at 73 kB/s)
Downloading from central: https://repo.maven.apache.org/maven2/org/apache/maven/surefire/surefire-junit4/2.12.4/surefire-junit4-2.12.4.jar
Progress (1): 2.2/37 kBProgress (1): 5.0/37 kBProgress (1): 7.7/37 kBProgress (1): 10/37 kB Progress (1): 13/37 kBProgress (1): 16/37 kBProgress (1): 19/37 kBProgress (1): 21/37 kBProgress (1): 24/37 kBProgress (1): 27/37 kBProgress (1): 30/37 kBProgress (1): 32/37 kBProgress (1): 35/37 kBProgress (1): 37 kB                      Downloaded from central: https://repo.maven.apache.org/maven2/org/apache/maven/surefire/surefire-junit4/2.12.4/surefire-junit4-2.12.4.jar (37 kB at 947 kB/s)

-------------------------------------------------------
 T E S T S
-------------------------------------------------------
Running com.mcnz.rps.ScoreTest
Tests run: 3, Failures: 0, Errors: 0, Skipped: 0, Time elapsed: 0.173 sec
Running com.mcnz.rps.GameSummaryTest
Tests run: 4, Failures: 0, Errors: 0, Skipped: 0, Time elapsed: 0.003 sec

Results :

Tests run: 7, Failures: 0, Errors: 0, Skipped: 0

[[1;34mINFO[m] 
[[1;34mINFO[m] [1m--- [0;32mmaven-jar-plugin:2.4:jar[m [1m(default-jar)[m @ [36mroshambo[0;1m ---[m
[[1;34mINFO[m] Building jar: /home/ubuntu/workspace/java_project2/target/roshambo-1.0-SNAPSHOT.jar
[[1;34mINFO[m] 
[[1;34mINFO[m] [1m--- [0;32mmaven-install-plugin:2.4:install[m [1m(default-install)[m @ [36mroshambo[0;1m ---[m
[[1;34mINFO[m] Installing /home/ubuntu/workspace/java_project2/target/roshambo-1.0-SNAPSHOT.jar to /home/ubuntu/.m2/repository/com/mcnz/rps/roshambo/1.0-SNAPSHOT/roshambo-1.0-SNAPSHOT.jar
[[1;34mINFO[m] Installing /home/ubuntu/workspace/java_project2/pom.xml to /home/ubuntu/.m2/repository/com/mcnz/rps/roshambo/1.0-SNAPSHOT/roshambo-1.0-SNAPSHOT.pom
[[1;34mINFO[m] [1m------------------------------------------------------------------------[m
[[1;34mINFO[m] [1;32mBUILD SUCCESS[m
[[1;34mINFO[m] [1m------------------------------------------------------------------------[m
[[1;34mINFO[m] Total time:  6.794 s
[[1;34mINFO[m] Finished at: 2020-01-15T03:27:17Z
[[1;34mINFO[m] [1m------------------------------------------------------------------------[m
[DeployPublisher][INFO] Attempting to deploy 1 war file(s)
[DeployPublisher][INFO] Deploying /home/ubuntu/workspace/java_project2/Calendar.war to container Tomcat 9.x Remote with context deploy
ERROR: Build step failed with exception
org.codehaus.cargo.container.ContainerException: Failed to redeploy [/home/ubuntu/workspace/java_project2/Calendar.war]
	at org.codehaus.cargo.container.tomcat.internal.AbstractTomcatManagerDeployer.redeploy(AbstractTomcatManagerDeployer.java:184)
	at hudson.plugins.deploy.CargoContainerAdapter.deploy(CargoContainerAdapter.java:81)
	at hudson.plugins.deploy.CargoContainerAdapter$DeployCallable.invoke(CargoContainerAdapter.java:167)
	at hudson.plugins.deploy.CargoContainerAdapter$DeployCallable.invoke(CargoContainerAdapter.java:136)
	at hudson.FilePath$FileCallableWrapper.call(FilePath.java:3069)
	at hudson.remoting.UserRequest.perform(UserRequest.java:211)
	at hudson.remoting.UserRequest.perform(UserRequest.java:54)
	at hudson.remoting.Request$2.run(Request.java:369)
	at hudson.remoting.InterceptingExecutorService$1.call(InterceptingExecutorService.java:72)
	at java.base/java.util.concurrent.FutureTask.run(FutureTask.java:264)
	at java.base/java.util.concurrent.ThreadPoolExecutor.runWorker(ThreadPoolExecutor.java:1128)
	at java.base/java.util.concurrent.ThreadPoolExecutor$Worker.run(ThreadPoolExecutor.java:628)
	at java.base/java.lang.Thread.run(Thread.java:834)
	Suppressed: hudson.remoting.Channel$CallSiteStackTrace: Remote call to slave-01
		at hudson.remoting.Channel.attachCallSiteStackTrace(Channel.java:1741)
		at hudson.remoting.UserRequest$ExceptionResponse.retrieve(UserRequest.java:356)
		at hudson.remoting.Channel.call(Channel.java:955)
		at hudson.FilePath.act(FilePath.java:1069)
		at hudson.FilePath.act(FilePath.java:1058)
		at hudson.plugins.deploy.CargoContainerAdapter.redeployFile(CargoContainerAdapter.java:133)
		at hudson.plugins.deploy.PasswordProtectedAdapterCargo.redeployFile(PasswordProtectedAdapterCargo.java:95)
		at hudson.plugins.deploy.DeployPublisher.perform(DeployPublisher.java:113)
		at hudson.tasks.BuildStepCompatibilityLayer.perform(BuildStepCompatibilityLayer.java:78)
		at hudson.tasks.BuildStepMonitor$3.perform(BuildStepMonitor.java:45)
		at hudson.model.AbstractBuild$AbstractBuildExecution.perform(AbstractBuild.java:741)
		at hudson.model.AbstractBuild$AbstractBuildExecution.performAllBuildSteps(AbstractBuild.java:690)
		at hudson.model.Build$BuildExecution.post2(Build.java:186)
		at hudson.model.AbstractBuild$AbstractBuildExecution.post(AbstractBuild.java:635)
		at hudson.model.Run.execute(Run.java:1878)
		at hudson.model.FreeStyleBuild.run(FreeStyleBuild.java:43)
		at hudson.model.ResourceController.execute(ResourceController.java:97)
		at hudson.model.Executor.run(Executor.java:427)
Caused by: org.codehaus.cargo.container.tomcat.internal.TomcatManagerException: The username you provided is not allowed to use the text-based Tomcat Manager (error 403)
	at org.codehaus.cargo.container.tomcat.internal.TomcatManager.invoke(TomcatManager.java:710)
	at org.codehaus.cargo.container.tomcat.internal.TomcatManager.list(TomcatManager.java:882)
	at org.codehaus.cargo.container.tomcat.internal.TomcatManager.getStatus(TomcatManager.java:895)
	at org.codehaus.cargo.container.tomcat.internal.AbstractTomcatManagerDeployer.redeploy(AbstractTomcatManagerDeployer.java:169)
	... 12 more
Caused by: java.io.IOException: Server returned HTTP response code: 403 for URL: http://18.191.128.64:8080/manager/text/list
	at java.base/sun.net.www.protocol.http.HttpURLConnection.getInputStream0(HttpURLConnection.java:1919)
	at java.base/sun.net.www.protocol.http.HttpURLConnection.getInputStream(HttpURLConnection.java:1515)
	at org.codehaus.cargo.container.tomcat.internal.TomcatManager.invoke(TomcatManager.java:577)
	... 15 more
org.codehaus.cargo.container.tomcat.internal.TomcatManagerException: The username you provided is not allowed to use the text-based Tomcat Manager (error 403)
	at org.codehaus.cargo.container.tomcat.internal.TomcatManager.invoke(TomcatManager.java:710)
	at org.codehaus.cargo.container.tomcat.internal.TomcatManager.list(TomcatManager.java:882)
	at org.codehaus.cargo.container.tomcat.internal.TomcatManager.getStatus(TomcatManager.java:895)
	at org.codehaus.cargo.container.tomcat.internal.AbstractTomcatManagerDeployer.redeploy(AbstractTomcatManagerDeployer.java:169)
	at hudson.plugins.deploy.CargoContainerAdapter.deploy(CargoContainerAdapter.java:81)
	at hudson.plugins.deploy.CargoContainerAdapter$DeployCallable.invoke(CargoContainerAdapter.java:167)
	at hudson.plugins.deploy.CargoContainerAdapter$DeployCallable.invoke(CargoContainerAdapter.java:136)
	at hudson.FilePath$FileCallableWrapper.call(FilePath.java:3069)
	at hudson.remoting.UserRequest.perform(UserRequest.java:211)
	at hudson.remoting.UserRequest.perform(UserRequest.java:54)
	at hudson.remoting.Request$2.run(Request.java:369)
	at hudson.remoting.InterceptingExecutorService$1.call(InterceptingExecutorService.java:72)
	at java.base/java.util.concurrent.FutureTask.run(FutureTask.java:264)
	at java.base/java.util.concurrent.ThreadPoolExecutor.runWorker(ThreadPoolExecutor.java:1128)
	at java.base/java.util.concurrent.ThreadPoolExecutor$Worker.run(ThreadPoolExecutor.java:628)
	at java.base/java.lang.Thread.run(Thread.java:834)
Caused by: java.io.IOException: Server returned HTTP response code: 403 for URL: http://18.191.128.64:8080/manager/text/list
	at java.base/sun.net.www.protocol.http.HttpURLConnection.getInputStream0(HttpURLConnection.java:1919)
	at java.base/sun.net.www.protocol.http.HttpURLConnection.getInputStream(HttpURLConnection.java:1515)
	at org.codehaus.cargo.container.tomcat.internal.TomcatManager.invoke(TomcatManager.java:577)
	... 15 more
Build step 'Deploy war/ear to a container' marked build as failure
Finished: FAILURE
